2024-57-24	04:57:34	75f50455-b3ea-4271-9bfe-3bb4513d540e	GET	/404.html	undefined
2024-58-24	04:58:07	0855810b-98b8-474b-a309-7ecd72e77c6f	GET	/	undefined
2024-58-24	04:58:08	88b545f2-effe-4045-915e-bad582dcf154	GET	/css/style.css	undefined
2024-09-24	05:09:55	03dfa6af-70f1-4b6c-9c86-89dc504327ee	GET	/	https://www.youtube.com
2024-10-24	05:10:04	c4974986-64a7-4421-8a1b-0fa8ffac08c2	GET	/	https://www.youtube.com
2024-10-24	05:10:08	a1157edb-07a3-46fe-8d4c-47ed06919828	GET	/	https://www.youtube.com
2024-10-24	05:10:10	98c189a9-c3c3-4126-afa0-edb628e1effe	GET	/	https://www.youtube.com
2024-10-24	05:10:12	d1a498f8-55cf-4efc-827b-ab3a4ed3f2fc	GET	/	https://www.youtube.com
2024-10-24	05:10:24	a2f597ba-b74e-4897-afc2-452b536c5a15	GET	/404	https://www.youtube.com
2024-10-24	05:10:38	cc4adf19-769b-4e83-b3dc-9660286bbd59	GET	/	https://www.youtube.com
2024-10-24	05:10:55	0d83a9ad-6d0a-4873-a525-4efd84ba00f4	GET	/	https://www.youtube.com
2024-10-24	05:10:55	1dc9502c-c31c-4345-ad5d-e0c1146b87ee	GET	/	https://www.youtube.com
2024-10-24	05:10:56	b1640d23-ef1e-45ba-8114-20cec2f99d6b	GET	/	https://www.youtube.com
2024-11-24	05:11:04	13a36252-c9e0-47d8-87c4-e659569ed705	GET	/	http://127.0.0.1:3000
2024-11-24	05:11:10	3cd7c2ea-d0a6-453c-9404-cf4a558cdd4f	GET	/	http://127.0.0.1:3000
2024-11-24	05:11:19	bab6effb-a6d7-47d4-8eff-98e829196bd4	GET	/	http://127.0.0.1:3000
2024-11-24	05:11:20	094a6cf8-1f3f-4dc5-9e1a-e86233bc4aa9	GET	/	http://127.0.0.1:3000
2024-11-24	05:11:23	2bdff88f-f75e-491d-9b7c-00ca930f00d7	GET	/	http://127.0.0.1:3000
2024-21-24	05:21:51	b8c98bfc-686b-4924-9831-b148ec8c664a	GET	/	http://127.0.0.1:3000
2024-21-24	05:21:59	5db14c32-7e9e-40c1-a820-264446538838	GET	/	https://www.youtube.com
2024-22-24	05:22:01	ed2015aa-d0d4-4ea2-8996-b5013996ac3b	GET	/404	https://www.youtube.com
2024-22-24	05:22:09	ec397e07-20b7-429e-8a41-2c5abdf8d0da	GET	/	https://www.youtube.com
2024-30-24	05:30:53	6c0a497f-d2a0-4f45-9b95-aaf41bad7436	GET	/	undefined
2024-30-24	05:30:53	d1e86789-028a-4421-9fc0-5431888c5c21	GET	/css/style.css	undefined
2024-31-24	05:31:02	f8416aec-fb90-4515-bc43-193d6daa20bc	GET	/css/style.css	undefined
2024-34-24	05:34:59	4e513e0c-99c9-4572-a9c2-a81892e55e89	GET	/	https://www.youtube.com
2024-35-24	05:35:44	e5fc1394-3a65-4a08-9702-37d73e2bf265	GET	/	https://www.youtube.com
2024-37-24	05:37:55	6b30483c-1345-4473-b5d3-81a7348fffa8	GET	/	https://www.youtube.com
2024-38-24	05:38:49	af1e16bd-1115-41e0-835a-dbde1cfce41b	GET	/	https://www.youtube.com
2024-39-24	05:39:10	e5344dbd-ebe1-439c-b30d-14cfaa623381	GET	/	https://www.youtube.com
2024-39-24	05:39:12	3b16f9e4-c158-47d9-a326-f2b6c4954f3f	GET	/	https://www.youtube.com
2024-39-24	05:39:42	bfced8b7-6ff3-48c4-9294-ec87838a37f6	GET	/	https://www.youtube.com
2024-39-24	05:39:43	f2ee71bd-d498-4c26-85ea-872ce75f8e08	GET	/	https://www.youtube.com
2024-40-24	05:40:17	b7c7b46a-5301-4bcc-a441-4db7ef53c9f5	GET	/	https://www.youtube.com
2024-40-24	05:40:51	e59c5062-7513-4692-8ac0-5e4608a307de	GET	/	https://www.youtube.com
2024-41-24	05:41:55	3d2806aa-9231-4a61-9638-6d233fbbd9c2	GET	/	https://www.youtube.com
2024-42-24	05:42:53	2036f372-f6c7-4dc9-8af3-5c64da4d84a6	GET	/	https://www.youtube.com
2024-42-24	05:42:57	8196b3c9-3bc2-4acf-a8bb-ed7bdf9c9e1f	GET	/	https://www.youtube.com
2024-43-24	05:43:46	2983a4dc-e0c2-41ec-a561-e651696a1805	GET	/	https://www.youtube.com
2024-43-24	05:43:46	5f121ae1-9614-4ed2-b55f-204575c980ec	GET	/	https://www.youtube.com
2024-43-24	05:43:46	711ec576-7194-45cf-960e-e2e6f885ef09	GET	/	https://www.youtube.com
2024-43-24	05:43:49	d9b2e07c-8838-4e6d-98d5-161ef63637fa	GET	/	https://www.youtube.com
2024-43-24	05:43:51	4528f7ef-5ed3-48c7-964f-9b30a7f6e746	GET	/	https://www.youtube.com
2024-44-24	05:44:06	61cebd8a-6d61-4fcd-ab81-88cba04700de	GET	/	https://www.youtube.com
